<!DOCTYPE html PUBLIC "-//W3C//DTD XHTML 1.1//EN" "http://www.w3.org/TR/xhtml11/DTD/xhtml11.dtd">
<html xmlns="http://www.w3.org/1999/xhtml">
<head>
<meta http-equiv="content-type" content="text/html; charset=UTF-8"/>
<title>TestNG Report</title>
<style type="text/css">table {margin-bottom:10px;border-collapse:collapse;empty-cells:show}th,td {border:1px solid #009;padding:.25em .5em}th {vertical-align:bottom}td {vertical-align:top}table a {font-weight:bold}.stripe td {background-color: #E6EBF9}.num {text-align:right}.passedodd td {background-color: #3F3}.passedeven td {background-color: #0A0}.skippedodd td {background-color: #DDD}.skippedeven td {background-color: #CCC}.failedodd td,.attn {background-color: #F33}.failedeven td,.stripe .attn {background-color: #D00}.stacktrace {white-space:pre;font-family:monospace}.totop {font-size:85%;text-align:center;border-bottom:2px solid #000}.invisible {display:none}</style>
</head>
<body>
<table>
<tr><th>Test</th><th># Passed</th><th># Skipped</th><th># Failed</th><th>Time (ms)</th><th>Included Groups</th><th>Excluded Groups</th></tr>
<tr><th colspan="7">Suite</th></tr>
<tr><td><a href="#t0">Test</a></td><td class="num">25</td><td class="num">0</td><td class="num attn">5</td><td class="num">3,075,019</td><td></td><td></td></tr>
</table>
<table id='summary'><thead><tr><th>Class</th><th>Method</th><th>Start</th><th>Time (ms)</th></tr></thead><tbody><tr><th colspan="4">Suite</th></tr></tbody><tbody id="t0"><tr><th colspan="4">Test &#8212; failed</th></tr><tr class="failedeven"><td rowspan="1">phonezone_TestCase.Admin_PM_View_Category</td><td><a href="#m0">verify_the_delete_functionality</a></td><td rowspan="1">1548323751149</td><td rowspan="1">36148</td></tr><tr class="failedodd"><td rowspan="4">phonezone_TestCase.Admin_PM_View_product</td><td><a href="#m1">verify_the_Edit_update_btn</a></td><td rowspan="1">1548324753107</td><td rowspan="1">2764</td></tr><tr class="failedodd"><td><a href="#m2">verify_the_delete_functionality</a></td><td rowspan="1">1548324755871</td><td rowspan="1">252</td></tr><tr class="failedodd"><td><a href="#m3">verify_the_filterBy_and_pagination_of_view_product</a></td><td rowspan="1">1548323792247</td><td rowspan="1">954680</td></tr><tr class="failedodd"><td><a href="#m4">verify_the_search_functionality_of_view_product1</a></td><td rowspan="1">1548324746927</td><td rowspan="1">6180</td></tr><tr><th colspan="4">Test &#8212; passed</th></tr><tr class="passedeven"><td rowspan="5">phonezone_TestCase.Admin_PM_Add_New_Category</td><td><a href="#m5">edit_Add_new_category</a></td><td rowspan="1">1548321834123</td><td rowspan="1">37528</td></tr><tr class="passedeven"><td><a href="#m6">go_to_side_nav_bar</a></td><td rowspan="1">1548321832546</td><td rowspan="1">1573</td></tr><tr class="passedeven"><td><a href="#m7">verify_all_elements_exsist_in_Add_New_category</a></td><td rowspan="1">1548321871660</td><td rowspan="1">7546</td></tr><tr class="passedeven"><td><a href="#m8">verify_the_submit_btn_set_all_feilds</a></td><td rowspan="1">1548321883163</td><td rowspan="1">1176396</td></tr><tr class="passedeven"><td><a href="#m9">verify_the_submit_btn_set_empty_feilds</a></td><td rowspan="1">1548321879208</td><td rowspan="1">3950</td></tr><tr class="passedodd"><td rowspan="6">phonezone_TestCase.Admin_PM_Add_New_Product</td><td><a href="#m10">click_on_submit_button_by_set_empty_feilds</a></td><td rowspan="1">1548323081356</td><td rowspan="1">13184</td></tr><tr class="passedodd"><td><a href="#m11">edit_Add_new_category</a></td><td rowspan="1">1548323059563</td><td rowspan="1">5563</td></tr><tr class="passedodd"><td><a href="#m12">enter_the_invalid_data_in_textbox</a></td><td rowspan="1">1548323094544</td><td rowspan="1">9153</td></tr><tr class="passedodd"><td><a href="#m13">verify_all_elements_is_exisit</a></td><td rowspan="1">1548323065129</td><td rowspan="1">16223</td></tr><tr class="passedodd"><td><a href="#m14">verify_the_response_text_when_status_is_Active</a></td><td rowspan="1">1548323103700</td><td rowspan="1">264808</td></tr><tr class="passedodd"><td><a href="#m15">verify_the_response_text_when_status_is_Inactive</a></td><td rowspan="1">1548323368511</td><td rowspan="1">92598</td></tr><tr class="passedeven"><td rowspan="5">phonezone_TestCase.Admin_PM_View_Category</td><td><a href="#m16">edit_view_category</a></td><td rowspan="1">1548323461112</td><td rowspan="1">43913</td></tr><tr class="passedeven"><td><a href="#m17">verify_the_filterby_and_pagination_dropdown</a></td><td rowspan="1">1548323610708</td><td rowspan="1">131247</td></tr><tr class="passedeven"><td><a href="#m18">verify_the_pagination_of_searching_records</a></td><td rowspan="1">1548323570681</td><td rowspan="1">40025</td></tr><tr class="passedeven"><td><a href="#m19">verify_the_search_functionality</a></td><td rowspan="1">1548323505025</td><td rowspan="1">65653</td></tr><tr class="passedeven"><td><a href="#m20">verify_the_update_edit_btn_in_view_category</a></td><td rowspan="1">1548323741960</td><td rowspan="1">9184</td></tr><tr class="passedodd"><td rowspan="1">phonezone_TestCase.Admin_PM_View_product</td><td><a href="#m21">edit_view_product</a></td><td rowspan="1">1548323787668</td><td rowspan="1">4579</td></tr><tr class="passedeven"><td rowspan="8">phonezone_TestCase.Admin_Special_Order</td><td><a href="#m22">Verify_side_navigation_bar_special_order</a></td><td rowspan="1">1548321681270</td><td rowspan="1">1899</td></tr><tr class="passedeven"><td><a href="#m23">click_on_the_send_btn</a></td><td rowspan="1">1548321702291</td><td rowspan="1">823</td></tr><tr class="passedeven"><td><a href="#m24">click_on_the_send_special_order</a></td><td rowspan="1">1548321683181</td><td rowspan="1">15777</td></tr><tr class="passedeven"><td><a href="#m25">select_data_from_dropdown_of_select_store</a></td><td rowspan="1">1548321706586</td><td rowspan="1">90531</td></tr><tr class="passedeven"><td><a href="#m26">validate_the_send_btn</a></td><td rowspan="1">1548321797124</td><td rowspan="1">35416</td></tr><tr class="passedeven"><td><a href="#m27">validate_the_send_button_not_select_dropdown</a></td><td rowspan="1">1548321704642</td><td rowspan="1">1938</td></tr><tr class="passedeven"><td><a href="#m28">validate_the_send_button_set_feilds_empty</a></td><td rowspan="1">1548321703120</td><td rowspan="1">1519</td></tr><tr class="passedeven"><td><a href="#m29">verify_the_elements_is_exsist</a></td><td rowspan="1">1548321698961</td><td rowspan="1">3325</td></tr></tbody>
</table>
<h2>Test</h2><h3 id="m0">phonezone_TestCase.Admin_PM_View_Category#verify_the_delete_functionality</h3><table class="result"><tr><th>Exception</th></tr><tr><td><div class="stacktrace">org.openqa.selenium.NoSuchElementException: no such element: Unable to locate element: {&quot;method&quot;:&quot;xpath&quot;,&quot;selector&quot;:&quot;.//table/tbody/tr&quot;}
  (Session info: chrome=71.0.3578.98)
  (Driver info: chromedriver=2.45.615291 (ec3682e3c9061c10f26ea9e5cdcf3c53f3f74387),platform=Windows NT 10.0.16299 x86_64) (WARNING: The server did not provide any stacktrace information)
Command duration or timeout: 0 milliseconds
For documentation on this error, please visit: https://www.seleniumhq.org/exceptions/no_such_element.html
Build info: version: &apos;3.141.59&apos;, revision: &apos;e82be7d358&apos;, time: &apos;2018-11-14T08:17:03&apos;
System info: host: &apos;DESKTOP-UHN4BR8&apos;, ip: &apos;192.168.43.96&apos;, os.name: &apos;Windows 10&apos;, os.arch: &apos;amd64&apos;, os.version: &apos;10.0&apos;, java.version: &apos;1.8.0_181&apos;
Driver info: org.openqa.selenium.chrome.ChromeDriver
Capabilities {acceptInsecureCerts: false, acceptSslCerts: false, applicationCacheEnabled: false, browserConnectionEnabled: false, browserName: chrome, chrome: {chromedriverVersion: 2.45.615291 (ec3682e3c9061c..., userDataDir: C:\Users\deepak\AppData\Loc...}, cssSelectorsEnabled: true, databaseEnabled: false, goog:chromeOptions: {debuggerAddress: localhost:2506}, handlesAlerts: true, hasTouchScreen: false, javascriptEnabled: true, locationContextEnabled: true, mobileEmulationEnabled: false, nativeEvents: true, networkConnectionEnabled: false, pageLoadStrategy: normal, platform: XP, platformName: XP, proxy: Proxy(), rotatable: false, setWindowRect: true, strictFileInteractability: false, takesHeapSnapshot: true, takesScreenshot: true, timeouts: {implicit: 0, pageLoad: 300000, script: 30000}, unexpectedAlertBehaviour: ignore, unhandledPromptBehavior: ignore, version: 71.0.3578.98, webStorageEnabled: true}
Session ID: 979e38bcb60f24aac5cabe839dce5471
*** Element info: {Using=xpath, value=.//table/tbody/tr}
	at org.openqa.selenium.remote.ErrorHandler.createThrowable(ErrorHandler.java:214)
	at org.openqa.selenium.remote.ErrorHandler.throwIfResponseFailed(ErrorHandler.java:166)
	at org.openqa.selenium.remote.http.JsonHttpResponseCodec.reconstructValue(JsonHttpResponseCodec.java:40)
	at org.openqa.selenium.remote.http.AbstractHttpResponseCodec.decode(AbstractHttpResponseCodec.java:80)
	at org.openqa.selenium.remote.http.AbstractHttpResponseCodec.decode(AbstractHttpResponseCodec.java:44)
	at org.openqa.selenium.remote.HttpCommandExecutor.execute(HttpCommandExecutor.java:158)
	at org.openqa.selenium.remote.service.DriverCommandExecutor.execute(DriverCommandExecutor.java:83)
	at org.openqa.selenium.remote.RemoteWebDriver.execute(RemoteWebDriver.java:552)
	at org.openqa.selenium.remote.RemoteWebDriver.findElement(RemoteWebDriver.java:323)
	at org.openqa.selenium.remote.RemoteWebDriver.findElementByXPath(RemoteWebDriver.java:428)
	at org.openqa.selenium.By$ByXPath.findElement(By.java:353)
	at org.openqa.selenium.remote.RemoteWebDriver.findElement(RemoteWebDriver.java:315)
	at phonezone_TestCase.Admin_PM_View_Category.verify_the_delete_functionality(Admin_PM_View_Category.java:435)
... Removed 29 stack frames</div></td></tr></table><p class="totop"><a href="#summary">back to summary</a></p>
<h3 id="m1">phonezone_TestCase.Admin_PM_View_product#verify_the_Edit_update_btn</h3><table class="result"><tr><th>Exception</th></tr><tr><td><div class="stacktrace">org.openqa.selenium.WebDriverException: unknown error: Element &lt;button class=&quot;btn btn-default&quot; name=&quot;search_button&quot; value=&quot;...&quot; type=&quot;submit&quot;&gt;Search&lt;/button&gt; is not clickable at point (514, 321). Other element would receive the click: &lt;div id=&quot;Searching_Modal&quot; class=&quot;modal fade loading&quot; tabindex=&quot;-1&quot; role=&quot;dialog&quot; data-keyboard=&quot;false&quot; data-backdrop=&quot;static&quot; style=&quot;display: block;&quot;&gt;&lt;/div&gt;
  (Session info: chrome=71.0.3578.98)
  (Driver info: chromedriver=2.45.615291 (ec3682e3c9061c10f26ea9e5cdcf3c53f3f74387),platform=Windows NT 10.0.16299 x86_64) (WARNING: The server did not provide any stacktrace information)
Command duration or timeout: 0 milliseconds
Build info: version: &apos;3.141.59&apos;, revision: &apos;e82be7d358&apos;, time: &apos;2018-11-14T08:17:03&apos;
System info: host: &apos;DESKTOP-UHN4BR8&apos;, ip: &apos;192.168.43.96&apos;, os.name: &apos;Windows 10&apos;, os.arch: &apos;amd64&apos;, os.version: &apos;10.0&apos;, java.version: &apos;1.8.0_181&apos;
Driver info: org.openqa.selenium.chrome.ChromeDriver
Capabilities {acceptInsecureCerts: false, acceptSslCerts: false, applicationCacheEnabled: false, browserConnectionEnabled: false, browserName: chrome, chrome: {chromedriverVersion: 2.45.615291 (ec3682e3c9061c..., userDataDir: C:\Users\deepak\AppData\Loc...}, cssSelectorsEnabled: true, databaseEnabled: false, goog:chromeOptions: {debuggerAddress: localhost:2506}, handlesAlerts: true, hasTouchScreen: false, javascriptEnabled: true, locationContextEnabled: true, mobileEmulationEnabled: false, nativeEvents: true, networkConnectionEnabled: false, pageLoadStrategy: normal, platform: XP, platformName: XP, proxy: Proxy(), rotatable: false, setWindowRect: true, strictFileInteractability: false, takesHeapSnapshot: true, takesScreenshot: true, timeouts: {implicit: 0, pageLoad: 300000, script: 30000}, unexpectedAlertBehaviour: ignore, unhandledPromptBehavior: ignore, version: 71.0.3578.98, webStorageEnabled: true}
Session ID: 979e38bcb60f24aac5cabe839dce5471
	at org.openqa.selenium.remote.ErrorHandler.createThrowable(ErrorHandler.java:214)
	at org.openqa.selenium.remote.ErrorHandler.throwIfResponseFailed(ErrorHandler.java:166)
	at org.openqa.selenium.remote.http.JsonHttpResponseCodec.reconstructValue(JsonHttpResponseCodec.java:40)
	at org.openqa.selenium.remote.http.AbstractHttpResponseCodec.decode(AbstractHttpResponseCodec.java:80)
	at org.openqa.selenium.remote.http.AbstractHttpResponseCodec.decode(AbstractHttpResponseCodec.java:44)
	at org.openqa.selenium.remote.HttpCommandExecutor.execute(HttpCommandExecutor.java:158)
	at org.openqa.selenium.remote.service.DriverCommandExecutor.execute(DriverCommandExecutor.java:83)
	at org.openqa.selenium.remote.RemoteWebDriver.execute(RemoteWebDriver.java:552)
	at org.openqa.selenium.remote.RemoteWebElement.execute(RemoteWebElement.java:285)
	at org.openqa.selenium.remote.RemoteWebElement.click(RemoteWebElement.java:84)
	at phonezone_TestCase.Admin_PM_View_product.verify_the_Edit_update_btn(Admin_PM_View_product.java:424)
... Removed 29 stack frames</div></td></tr></table><p class="totop"><a href="#summary">back to summary</a></p>
<h3 id="m2">phonezone_TestCase.Admin_PM_View_product#verify_the_delete_functionality</h3><table class="result"><tr><th>Exception</th></tr><tr><td><div class="stacktrace">org.openqa.selenium.WebDriverException: unknown error: Element &lt;li&gt;...&lt;/li&gt; is not clickable at point (154, 407). Other element would receive the click: &lt;div id=&quot;Searching_Modal&quot; class=&quot;modal fade loading&quot; tabindex=&quot;-1&quot; role=&quot;dialog&quot; data-keyboard=&quot;false&quot; data-backdrop=&quot;static&quot; style=&quot;display: block;&quot;&gt;&lt;/div&gt;
  (Session info: chrome=71.0.3578.98)
  (Driver info: chromedriver=2.45.615291 (ec3682e3c9061c10f26ea9e5cdcf3c53f3f74387),platform=Windows NT 10.0.16299 x86_64) (WARNING: The server did not provide any stacktrace information)
Command duration or timeout: 0 milliseconds
Build info: version: &apos;3.141.59&apos;, revision: &apos;e82be7d358&apos;, time: &apos;2018-11-14T08:17:03&apos;
System info: host: &apos;DESKTOP-UHN4BR8&apos;, ip: &apos;192.168.43.96&apos;, os.name: &apos;Windows 10&apos;, os.arch: &apos;amd64&apos;, os.version: &apos;10.0&apos;, java.version: &apos;1.8.0_181&apos;
Driver info: org.openqa.selenium.chrome.ChromeDriver
Capabilities {acceptInsecureCerts: false, acceptSslCerts: false, applicationCacheEnabled: false, browserConnectionEnabled: false, browserName: chrome, chrome: {chromedriverVersion: 2.45.615291 (ec3682e3c9061c..., userDataDir: C:\Users\deepak\AppData\Loc...}, cssSelectorsEnabled: true, databaseEnabled: false, goog:chromeOptions: {debuggerAddress: localhost:2506}, handlesAlerts: true, hasTouchScreen: false, javascriptEnabled: true, locationContextEnabled: true, mobileEmulationEnabled: false, nativeEvents: true, networkConnectionEnabled: false, pageLoadStrategy: normal, platform: XP, platformName: XP, proxy: Proxy(), rotatable: false, setWindowRect: true, strictFileInteractability: false, takesHeapSnapshot: true, takesScreenshot: true, timeouts: {implicit: 0, pageLoad: 300000, script: 30000}, unexpectedAlertBehaviour: ignore, unhandledPromptBehavior: ignore, version: 71.0.3578.98, webStorageEnabled: true}
Session ID: 979e38bcb60f24aac5cabe839dce5471
	at org.openqa.selenium.remote.ErrorHandler.createThrowable(ErrorHandler.java:214)
	at org.openqa.selenium.remote.ErrorHandler.throwIfResponseFailed(ErrorHandler.java:166)
	at org.openqa.selenium.remote.http.JsonHttpResponseCodec.reconstructValue(JsonHttpResponseCodec.java:40)
	at org.openqa.selenium.remote.http.AbstractHttpResponseCodec.decode(AbstractHttpResponseCodec.java:80)
	at org.openqa.selenium.remote.http.AbstractHttpResponseCodec.decode(AbstractHttpResponseCodec.java:44)
	at org.openqa.selenium.remote.HttpCommandExecutor.execute(HttpCommandExecutor.java:158)
	at org.openqa.selenium.remote.service.DriverCommandExecutor.execute(DriverCommandExecutor.java:83)
	at org.openqa.selenium.remote.RemoteWebDriver.execute(RemoteWebDriver.java:552)
	at org.openqa.selenium.remote.RemoteWebElement.execute(RemoteWebElement.java:285)
	at org.openqa.selenium.remote.RemoteWebElement.click(RemoteWebElement.java:84)
	at phonezone_TestCase.Admin_PM_View_product.verify_the_delete_functionality(Admin_PM_View_product.java:499)
... Removed 29 stack frames</div></td></tr></table><p class="totop"><a href="#summary">back to summary</a></p>
<h3 id="m3">phonezone_TestCase.Admin_PM_View_product#verify_the_filterBy_and_pagination_of_view_product</h3><table class="result"><tr><th>Exception</th></tr><tr><td><div class="stacktrace">org.openqa.selenium.NoSuchElementException: no such element: Unable to locate element: {&quot;method&quot;:&quot;xpath&quot;,&quot;selector&quot;:&quot;.//div[@id=&apos;default_load&apos;]//div[2]/ul/li/a[contains(text(),180)]&quot;}
  (Session info: chrome=71.0.3578.98)
  (Driver info: chromedriver=2.45.615291 (ec3682e3c9061c10f26ea9e5cdcf3c53f3f74387),platform=Windows NT 10.0.16299 x86_64) (WARNING: The server did not provide any stacktrace information)
Command duration or timeout: 0 milliseconds
For documentation on this error, please visit: https://www.seleniumhq.org/exceptions/no_such_element.html
Build info: version: &apos;3.141.59&apos;, revision: &apos;e82be7d358&apos;, time: &apos;2018-11-14T08:17:03&apos;
System info: host: &apos;DESKTOP-UHN4BR8&apos;, ip: &apos;192.168.43.96&apos;, os.name: &apos;Windows 10&apos;, os.arch: &apos;amd64&apos;, os.version: &apos;10.0&apos;, java.version: &apos;1.8.0_181&apos;
Driver info: org.openqa.selenium.chrome.ChromeDriver
Capabilities {acceptInsecureCerts: false, acceptSslCerts: false, applicationCacheEnabled: false, browserConnectionEnabled: false, browserName: chrome, chrome: {chromedriverVersion: 2.45.615291 (ec3682e3c9061c..., userDataDir: C:\Users\deepak\AppData\Loc...}, cssSelectorsEnabled: true, databaseEnabled: false, goog:chromeOptions: {debuggerAddress: localhost:2506}, handlesAlerts: true, hasTouchScreen: false, javascriptEnabled: true, locationContextEnabled: true, mobileEmulationEnabled: false, nativeEvents: true, networkConnectionEnabled: false, pageLoadStrategy: normal, platform: XP, platformName: XP, proxy: Proxy(), rotatable: false, setWindowRect: true, strictFileInteractability: false, takesHeapSnapshot: true, takesScreenshot: true, timeouts: {implicit: 0, pageLoad: 300000, script: 30000}, unexpectedAlertBehaviour: ignore, unhandledPromptBehavior: ignore, version: 71.0.3578.98, webStorageEnabled: true}
Session ID: 979e38bcb60f24aac5cabe839dce5471
*** Element info: {Using=xpath, value=.//div[@id=&apos;default_load&apos;]//div[2]/ul/li/a[contains(text(),180)]}
	at org.openqa.selenium.remote.ErrorHandler.createThrowable(ErrorHandler.java:214)
	at org.openqa.selenium.remote.ErrorHandler.throwIfResponseFailed(ErrorHandler.java:166)
	at org.openqa.selenium.remote.http.JsonHttpResponseCodec.reconstructValue(JsonHttpResponseCodec.java:40)
	at org.openqa.selenium.remote.http.AbstractHttpResponseCodec.decode(AbstractHttpResponseCodec.java:80)
	at org.openqa.selenium.remote.http.AbstractHttpResponseCodec.decode(AbstractHttpResponseCodec.java:44)
	at org.openqa.selenium.remote.HttpCommandExecutor.execute(HttpCommandExecutor.java:158)
	at org.openqa.selenium.remote.service.DriverCommandExecutor.execute(DriverCommandExecutor.java:83)
	at org.openqa.selenium.remote.RemoteWebDriver.execute(RemoteWebDriver.java:552)
	at org.openqa.selenium.remote.RemoteWebDriver.findElement(RemoteWebDriver.java:323)
	at org.openqa.selenium.remote.RemoteWebDriver.findElementByXPath(RemoteWebDriver.java:428)
	at org.openqa.selenium.By$ByXPath.findElement(By.java:353)
	at org.openqa.selenium.remote.RemoteWebDriver.findElement(RemoteWebDriver.java:315)
	at phonezone_TestCase.Admin_PM_View_product.verify_the_filterBy_and_pagination_of_view_product(Admin_PM_View_product.java:130)
... Removed 29 stack frames</div></td></tr></table><p class="totop"><a href="#summary">back to summary</a></p>
<h3 id="m4">phonezone_TestCase.Admin_PM_View_product#verify_the_search_functionality_of_view_product1</h3><table class="result"><tr><th>Exception</th></tr><tr><td><div class="stacktrace">org.openqa.selenium.WebDriverException: unknown error: Element &lt;button class=&quot;btn btn-default&quot; name=&quot;search_button&quot; value=&quot;...&quot; type=&quot;submit&quot;&gt;Search&lt;/button&gt; is not clickable at point (514, 321). Other element would receive the click: &lt;div id=&quot;Searching_Modal&quot; class=&quot;modal fade loading&quot; tabindex=&quot;-1&quot; role=&quot;dialog&quot; data-keyboard=&quot;false&quot; data-backdrop=&quot;static&quot; style=&quot;display: block;&quot;&gt;&lt;/div&gt;
  (Session info: chrome=71.0.3578.98)
  (Driver info: chromedriver=2.45.615291 (ec3682e3c9061c10f26ea9e5cdcf3c53f3f74387),platform=Windows NT 10.0.16299 x86_64) (WARNING: The server did not provide any stacktrace information)
Command duration or timeout: 0 milliseconds
Build info: version: &apos;3.141.59&apos;, revision: &apos;e82be7d358&apos;, time: &apos;2018-11-14T08:17:03&apos;
System info: host: &apos;DESKTOP-UHN4BR8&apos;, ip: &apos;192.168.43.96&apos;, os.name: &apos;Windows 10&apos;, os.arch: &apos;amd64&apos;, os.version: &apos;10.0&apos;, java.version: &apos;1.8.0_181&apos;
Driver info: org.openqa.selenium.chrome.ChromeDriver
Capabilities {acceptInsecureCerts: false, acceptSslCerts: false, applicationCacheEnabled: false, browserConnectionEnabled: false, browserName: chrome, chrome: {chromedriverVersion: 2.45.615291 (ec3682e3c9061c..., userDataDir: C:\Users\deepak\AppData\Loc...}, cssSelectorsEnabled: true, databaseEnabled: false, goog:chromeOptions: {debuggerAddress: localhost:2506}, handlesAlerts: true, hasTouchScreen: false, javascriptEnabled: true, locationContextEnabled: true, mobileEmulationEnabled: false, nativeEvents: true, networkConnectionEnabled: false, pageLoadStrategy: normal, platform: XP, platformName: XP, proxy: Proxy(), rotatable: false, setWindowRect: true, strictFileInteractability: false, takesHeapSnapshot: true, takesScreenshot: true, timeouts: {implicit: 0, pageLoad: 300000, script: 30000}, unexpectedAlertBehaviour: ignore, unhandledPromptBehavior: ignore, version: 71.0.3578.98, webStorageEnabled: true}
Session ID: 979e38bcb60f24aac5cabe839dce5471
	at org.openqa.selenium.remote.ErrorHandler.createThrowable(ErrorHandler.java:214)
	at org.openqa.selenium.remote.ErrorHandler.throwIfResponseFailed(ErrorHandler.java:166)
	at org.openqa.selenium.remote.http.JsonHttpResponseCodec.reconstructValue(JsonHttpResponseCodec.java:40)
	at org.openqa.selenium.remote.http.AbstractHttpResponseCodec.decode(AbstractHttpResponseCodec.java:80)
	at org.openqa.selenium.remote.http.AbstractHttpResponseCodec.decode(AbstractHttpResponseCodec.java:44)
	at org.openqa.selenium.remote.HttpCommandExecutor.execute(HttpCommandExecutor.java:158)
	at org.openqa.selenium.remote.service.DriverCommandExecutor.execute(DriverCommandExecutor.java:83)
	at org.openqa.selenium.remote.RemoteWebDriver.execute(RemoteWebDriver.java:552)
	at org.openqa.selenium.remote.RemoteWebElement.execute(RemoteWebElement.java:285)
	at org.openqa.selenium.remote.RemoteWebElement.click(RemoteWebElement.java:84)
	at phonezone_TestCase.Admin_PM_View_product.verify_the_search_functionality_of_view_product1(Admin_PM_View_product.java:266)
... Removed 29 stack frames</div></td></tr></table><p class="totop"><a href="#summary">back to summary</a></p>
<h3 id="m5">phonezone_TestCase.Admin_PM_Add_New_Category#edit_Add_new_category</h3><table class="result"><tr><th class="invisible"/></tr></table><p class="totop"><a href="#summary">back to summary</a></p>
<h3 id="m6">phonezone_TestCase.Admin_PM_Add_New_Category#go_to_side_nav_bar</h3><table class="result"><tr><th class="invisible"/></tr></table><p class="totop"><a href="#summary">back to summary</a></p>
<h3 id="m7">phonezone_TestCase.Admin_PM_Add_New_Category#verify_all_elements_exsist_in_Add_New_category</h3><table class="result"><tr><th class="invisible"/></tr></table><p class="totop"><a href="#summary">back to summary</a></p>
<h3 id="m8">phonezone_TestCase.Admin_PM_Add_New_Category#verify_the_submit_btn_set_all_feilds</h3><table class="result"><tr><th class="invisible"/></tr></table><p class="totop"><a href="#summary">back to summary</a></p>
<h3 id="m9">phonezone_TestCase.Admin_PM_Add_New_Category#verify_the_submit_btn_set_empty_feilds</h3><table class="result"><tr><th class="invisible"/></tr></table><p class="totop"><a href="#summary">back to summary</a></p>
<h3 id="m10">phonezone_TestCase.Admin_PM_Add_New_Product#click_on_submit_button_by_set_empty_feilds</h3><table class="result"><tr><th class="invisible"/></tr></table><p class="totop"><a href="#summary">back to summary</a></p>
<h3 id="m11">phonezone_TestCase.Admin_PM_Add_New_Product#edit_Add_new_category</h3><table class="result"><tr><th class="invisible"/></tr></table><p class="totop"><a href="#summary">back to summary</a></p>
<h3 id="m12">phonezone_TestCase.Admin_PM_Add_New_Product#enter_the_invalid_data_in_textbox</h3><table class="result"><tr><th class="invisible"/></tr></table><p class="totop"><a href="#summary">back to summary</a></p>
<h3 id="m13">phonezone_TestCase.Admin_PM_Add_New_Product#verify_all_elements_is_exisit</h3><table class="result"><tr><th class="invisible"/></tr></table><p class="totop"><a href="#summary">back to summary</a></p>
<h3 id="m14">phonezone_TestCase.Admin_PM_Add_New_Product#verify_the_response_text_when_status_is_Active</h3><table class="result"><tr><th class="invisible"/></tr></table><p class="totop"><a href="#summary">back to summary</a></p>
<h3 id="m15">phonezone_TestCase.Admin_PM_Add_New_Product#verify_the_response_text_when_status_is_Inactive</h3><table class="result"><tr><th class="invisible"/></tr></table><p class="totop"><a href="#summary">back to summary</a></p>
<h3 id="m16">phonezone_TestCase.Admin_PM_View_Category#edit_view_category</h3><table class="result"><tr><th class="invisible"/></tr></table><p class="totop"><a href="#summary">back to summary</a></p>
<h3 id="m17">phonezone_TestCase.Admin_PM_View_Category#verify_the_filterby_and_pagination_dropdown</h3><table class="result"><tr><th class="invisible"/></tr></table><p class="totop"><a href="#summary">back to summary</a></p>
<h3 id="m18">phonezone_TestCase.Admin_PM_View_Category#verify_the_pagination_of_searching_records</h3><table class="result"><tr><th class="invisible"/></tr></table><p class="totop"><a href="#summary">back to summary</a></p>
<h3 id="m19">phonezone_TestCase.Admin_PM_View_Category#verify_the_search_functionality</h3><table class="result"><tr><th class="invisible"/></tr></table><p class="totop"><a href="#summary">back to summary</a></p>
<h3 id="m20">phonezone_TestCase.Admin_PM_View_Category#verify_the_update_edit_btn_in_view_category</h3><table class="result"><tr><th class="invisible"/></tr></table><p class="totop"><a href="#summary">back to summary</a></p>
<h3 id="m21">phonezone_TestCase.Admin_PM_View_product#edit_view_product</h3><table class="result"><tr><th class="invisible"/></tr></table><p class="totop"><a href="#summary">back to summary</a></p>
<h3 id="m22">phonezone_TestCase.Admin_Special_Order#Verify_side_navigation_bar_special_order</h3><table class="result"><tr><th class="invisible"/></tr></table><p class="totop"><a href="#summary">back to summary</a></p>
<h3 id="m23">phonezone_TestCase.Admin_Special_Order#click_on_the_send_btn</h3><table class="result"><tr><th class="invisible"/></tr></table><p class="totop"><a href="#summary">back to summary</a></p>
<h3 id="m24">phonezone_TestCase.Admin_Special_Order#click_on_the_send_special_order</h3><table class="result"><tr><th class="invisible"/></tr></table><p class="totop"><a href="#summary">back to summary</a></p>
<h3 id="m25">phonezone_TestCase.Admin_Special_Order#select_data_from_dropdown_of_select_store</h3><table class="result"><tr><th class="invisible"/></tr></table><p class="totop"><a href="#summary">back to summary</a></p>
<h3 id="m26">phonezone_TestCase.Admin_Special_Order#validate_the_send_btn</h3><table class="result"><tr><th class="invisible"/></tr></table><p class="totop"><a href="#summary">back to summary</a></p>
<h3 id="m27">phonezone_TestCase.Admin_Special_Order#validate_the_send_button_not_select_dropdown</h3><table class="result"><tr><th class="invisible"/></tr></table><p class="totop"><a href="#summary">back to summary</a></p>
<h3 id="m28">phonezone_TestCase.Admin_Special_Order#validate_the_send_button_set_feilds_empty</h3><table class="result"><tr><th class="invisible"/></tr></table><p class="totop"><a href="#summary">back to summary</a></p>
<h3 id="m29">phonezone_TestCase.Admin_Special_Order#verify_the_elements_is_exsist</h3><table class="result"><tr><th class="invisible"/></tr></table><p class="totop"><a href="#summary">back to summary</a></p>
</body>
</html>
