<?xml version="1.0" encoding="UTF-8"?>
<!-- Generated by org.testng.reporters.JUnitXMLReporter -->
<testsuite hostname="Deepak-PC" ignored="8" name="View_Category Test" tests="30" failures="1" timestamp="29 Jan 2019 21:25:16 GMT" time="3798.079" errors="0">
  <testcase name="Verify_side_navigation_bar_special_order" time="0.701" classname="phonezone_TestCase.Admin_Special_Order"/>
  <testcase name="click_on_the_send_special_order" time="1.91" classname="phonezone_TestCase.Admin_Special_Order"/>
  <testcase name="verify_the_elements_is_exsist" time="2.353" classname="phonezone_TestCase.Admin_Special_Order"/>
  <testcase name="click_on_the_send_btn" time="0.488" classname="phonezone_TestCase.Admin_Special_Order"/>
  <testcase name="validate_the_send_button_set_feilds_empty" time="1.396" classname="phonezone_TestCase.Admin_Special_Order"/>
  <testcase name="validate_the_send_button_not_select_dropdown" time="1.167" classname="phonezone_TestCase.Admin_Special_Order"/>
  <testcase name="select_data_from_dropdown_of_select_store" time="80.492" classname="phonezone_TestCase.Admin_Special_Order"/>
  <testcase name="validate_the_send_btn" time="6.745" classname="phonezone_TestCase.Admin_Special_Order"/>
  <testcase name="go_to_side_nav_bar" time="0.686" classname="phonezone_TestCase.Admin_PM_Add_New_Category"/>
  <testcase name="verify_Add_new_category_landing_page" time="1.61" classname="phonezone_TestCase.Admin_PM_Add_New_Category"/>
  <testcase name="verify_all_elements_exsist_in_Add_New_category" time="3.541" classname="phonezone_TestCase.Admin_PM_Add_New_Category"/>
  <testcase name="verify_the_submit_btn_set_empty_feilds" time="2.566" classname="phonezone_TestCase.Admin_PM_Add_New_Category"/>
  <testcase name="verify_the_add_new_category" time="12.704" classname="phonezone_TestCase.Admin_PM_Add_New_Category"/>
  <testcase name="verify_the_existing_category" time="12.422" classname="phonezone_TestCase.Admin_PM_Add_New_Category"/>
  <testcase name="edit_Add_new_category" time="3.301" classname="phonezone_TestCase.Admin_PM_Add_New_Product"/>
  <testcase name="verify_all_elements_is_exisit" time="10.384" classname="phonezone_TestCase.Admin_PM_Add_New_Product"/>
  <testcase name="click_on_submit_button_by_set_empty_feilds" time="7.783" classname="phonezone_TestCase.Admin_PM_Add_New_Product"/>
  <testcase name="enter_the_invalid_data_in_textbox" time="5.941" classname="phonezone_TestCase.Admin_PM_Add_New_Product"/>
  <testcase name="verify_the_response_text_when_status_is_set" time="1181.173" classname="phonezone_TestCase.Admin_PM_Add_New_Product"/>
  <testcase name="edit_view_category" time="2.692" classname="phonezone_TestCase.Admin_PM_View_Category"/>
  <testcase name="verify_the_pagination_of_searching_records" time="28.268" classname="phonezone_TestCase.Admin_PM_View_Category"/>
  <testcase name="verify_the_filterby_and_pagination_dropdown" time="88.684" classname="phonezone_TestCase.Admin_PM_View_Category"/>
  <testcase name="verify_the_search_functionality" time="3.531" classname="phonezone_TestCase.Admin_PM_View_Category"/>
  <testcase name="verify_the_update_edit_btn_in_view_category" time="9.701" classname="phonezone_TestCase.Admin_PM_View_Category"/>
  <testcase name="verify_the_delete_functionality" time="42.454" classname="phonezone_TestCase.Admin_PM_View_Category"/>
  <testcase name="edit_view_product" time="3.149" classname="phonezone_TestCase.Admin_PM_View_product"/>
  <testcase name="verify_the_filterBy_and_pagination_of_view_product" time="2210.24" classname="phonezone_TestCase.Admin_PM_View_product"/>
  <testcase name="verify_the_search_functionality_of_view_product1" time="42.105" classname="phonezone_TestCase.Admin_PM_View_product">
    <failure type="org.openqa.selenium.NoSuchElementException" message="no such element: Unable to locate element: {&amp;quot;method&amp;quot;:&amp;quot;xpath&amp;quot;,&amp;quot;selector&amp;quot;:&amp;quot;.//div[@id=&amp;apos;default_load&amp;apos;]//div[2]/ul/li/a[contains(text(),3)]&amp;quot;}
  (Session info: chrome=71.0.3578.98)
  (Driver info: chromedriver=2.45.615291 (ec3682e3c9061c10f26ea9e5cdcf3c53f3f74387),platform=Windows NT 6.1.7601 SP1 x86) (WARNING: The server did not provide any stacktrace information)
Command duration or timeout: 0 milliseconds
For documentation on this error, please visit: https://www.seleniumhq.org/exceptions/no_such_element.html
Build info: version: &amp;apos;3.141.59&amp;apos;, revision: &amp;apos;e82be7d358&amp;apos;, time: &amp;apos;2018-11-14T08:17:03&amp;apos;
System info: host: &amp;apos;DEEPAK-PC&amp;apos;, ip: &amp;apos;192.168.0.123&amp;apos;, os.name: &amp;apos;Windows 7&amp;apos;, os.arch: &amp;apos;x86&amp;apos;, os.version: &amp;apos;6.1&amp;apos;, java.version: &amp;apos;1.8.0_201&amp;apos;
Driver info: org.openqa.selenium.chrome.ChromeDriver
Capabilities {acceptInsecureCerts: false, acceptSslCerts: false, applicationCacheEnabled: false, browserConnectionEnabled: false, browserName: chrome, chrome: {chromedriverVersion: 2.45.615291 (ec3682e3c9061c..., userDataDir: C:\Users\Amvrin\AppData\Loc...}, cssSelectorsEnabled: true, databaseEnabled: false, goog:chromeOptions: {debuggerAddress: localhost:59130}, handlesAlerts: true, hasTouchScreen: false, javascriptEnabled: true, locationContextEnabled: true, mobileEmulationEnabled: false, nativeEvents: true, networkConnectionEnabled: false, pageLoadStrategy: normal, platform: XP, platformName: XP, proxy: Proxy(), rotatable: false, setWindowRect: true, strictFileInteractability: false, takesHeapSnapshot: true, takesScreenshot: true, timeouts: {implicit: 0, pageLoad: 300000, script: 30000}, unexpectedAlertBehaviour: ignore, unhandledPromptBehavior: ignore, version: 71.0.3578.98, webStorageEnabled: true}
Session ID: 556b41dd24f30f0f4591a8e5ff168208
*** Element info: {Using=xpath, value=.//div[@id=&amp;apos;default_load&amp;apos;]//div[2]/ul/li/a[contains(text(),3)]}">
      <![CDATA[org.openqa.selenium.NoSuchElementException: no such element: Unable to locate element: {"method":"xpath","selector":".//div[@id='default_load']//div[2]/ul/li/a[contains(text(),3)]"}
  (Session info: chrome=71.0.3578.98)
  (Driver info: chromedriver=2.45.615291 (ec3682e3c9061c10f26ea9e5cdcf3c53f3f74387),platform=Windows NT 6.1.7601 SP1 x86) (WARNING: The server did not provide any stacktrace information)
Command duration or timeout: 0 milliseconds
For documentation on this error, please visit: https://www.seleniumhq.org/exceptions/no_such_element.html
Build info: version: '3.141.59', revision: 'e82be7d358', time: '2018-11-14T08:17:03'
System info: host: 'DEEPAK-PC', ip: '192.168.0.123', os.name: 'Windows 7', os.arch: 'x86', os.version: '6.1', java.version: '1.8.0_201'
Driver info: org.openqa.selenium.chrome.ChromeDriver
Capabilities {acceptInsecureCerts: false, acceptSslCerts: false, applicationCacheEnabled: false, browserConnectionEnabled: false, browserName: chrome, chrome: {chromedriverVersion: 2.45.615291 (ec3682e3c9061c..., userDataDir: C:\Users\Amvrin\AppData\Loc...}, cssSelectorsEnabled: true, databaseEnabled: false, goog:chromeOptions: {debuggerAddress: localhost:59130}, handlesAlerts: true, hasTouchScreen: false, javascriptEnabled: true, locationContextEnabled: true, mobileEmulationEnabled: false, nativeEvents: true, networkConnectionEnabled: false, pageLoadStrategy: normal, platform: XP, platformName: XP, proxy: Proxy(), rotatable: false, setWindowRect: true, strictFileInteractability: false, takesHeapSnapshot: true, takesScreenshot: true, timeouts: {implicit: 0, pageLoad: 300000, script: 30000}, unexpectedAlertBehaviour: ignore, unhandledPromptBehavior: ignore, version: 71.0.3578.98, webStorageEnabled: true}
Session ID: 556b41dd24f30f0f4591a8e5ff168208
*** Element info: {Using=xpath, value=.//div[@id='default_load']//div[2]/ul/li/a[contains(text(),3)]}
at org.openqa.selenium.remote.ErrorHandler.createThrowable(ErrorHandler.java:214)
at org.openqa.selenium.remote.ErrorHandler.throwIfResponseFailed(ErrorHandler.java:166)
at org.openqa.selenium.remote.http.JsonHttpResponseCodec.reconstructValue(JsonHttpResponseCodec.java:40)
at org.openqa.selenium.remote.http.AbstractHttpResponseCodec.decode(AbstractHttpResponseCodec.java:80)
at org.openqa.selenium.remote.http.AbstractHttpResponseCodec.decode(AbstractHttpResponseCodec.java:44)
at org.openqa.selenium.remote.HttpCommandExecutor.execute(HttpCommandExecutor.java:158)
at org.openqa.selenium.remote.service.DriverCommandExecutor.execute(DriverCommandExecutor.java:83)
at org.openqa.selenium.remote.RemoteWebDriver.execute(RemoteWebDriver.java:552)
at org.openqa.selenium.remote.RemoteWebDriver.findElement(RemoteWebDriver.java:323)
at org.openqa.selenium.remote.RemoteWebDriver.findElementByXPath(RemoteWebDriver.java:428)
at org.openqa.selenium.By$ByXPath.findElement(By.java:353)
at org.openqa.selenium.remote.RemoteWebDriver.findElement(RemoteWebDriver.java:315)
at phonezone_TestCase.Admin_PM_View_product.verify_the_search_functionality_of_view_product1(Admin_PM_View_product.java:351)
... Removed 29 stack frames]]>
    </failure>
  </testcase> <!-- verify_the_search_functionality_of_view_product1 -->
  <testcase name="verify_the_Edit_update_btn" time="15.342" classname="phonezone_TestCase.Admin_PM_View_product"/>
  <testcase name="verify_the_delete_functionality" time="14.413" classname="phonezone_TestCase.Admin_PM_View_product"/>
  <testcase name="@BeforeSuite opendriver" time="0.0" classname="phonezoneproject_BaseClass.BaseClass">
    <ignored/>
  </testcase> <!-- @BeforeSuite opendriver -->
  <testcase name="@BeforeSuite opendriver" time="0.0" classname="phonezoneproject_BaseClass.BaseClass">
    <ignored/>
  </testcase> <!-- @BeforeSuite opendriver -->
  <testcase name="@BeforeSuite opendriver" time="0.0" classname="phonezoneproject_BaseClass.BaseClass">
    <ignored/>
  </testcase> <!-- @BeforeSuite opendriver -->
  <testcase name="@BeforeSuite opendriver" time="0.0" classname="phonezoneproject_BaseClass.BaseClass">
    <ignored/>
  </testcase> <!-- @BeforeSuite opendriver -->
  <testcase name="@AfterSuite quitedriver" time="0.0" classname="phonezoneproject_BaseClass.BaseClass">
    <ignored/>
  </testcase> <!-- @AfterSuite quitedriver -->
  <testcase name="@AfterSuite quitedriver" time="0.0" classname="phonezoneproject_BaseClass.BaseClass">
    <ignored/>
  </testcase> <!-- @AfterSuite quitedriver -->
  <testcase name="@AfterSuite quitedriver" time="0.0" classname="phonezoneproject_BaseClass.BaseClass">
    <ignored/>
  </testcase> <!-- @AfterSuite quitedriver -->
  <testcase name="@AfterSuite quitedriver" time="0.0" classname="phonezoneproject_BaseClass.BaseClass">
    <ignored/>
  </testcase> <!-- @AfterSuite quitedriver -->
</testsuite> <!-- View_Category Test -->
